<?xml version="1.0" encoding="UTF-8" ?>
<testsuite failures="0" time="0.021" errors="0" skipped="0" tests="1" name="com.srikanthps.yamxagent.AppTest">
  <properties>
    <property name="java.runtime.name" value="OpenJDK Runtime Environment"/>
    <property name="sun.boot.library.path" value="/usr/lib/jvm/java-6-openjdk/jre/lib/amd64"/>
    <property name="java.vm.version" value="19.0-b09"/>
    <property name="java.vm.vendor" value="Sun Microsystems Inc."/>
    <property name="java.vendor.url" value="http://java.sun.com/"/>
    <property name="path.separator" value=":"/>
    <property name="java.vm.name" value="OpenJDK 64-Bit Server VM"/>
    <property name="file.encoding.pkg" value="sun.io"/>
    <property name="user.country" value="US"/>
    <property name="sun.java.launcher" value="SUN_STANDARD"/>
    <property name="sun.os.patch.level" value="unknown"/>
    <property name="java.vm.specification.name" value="Java Virtual Machine Specification"/>
    <property name="user.dir" value="/home/srikanth/eclipse/yamx/yamxagent"/>
    <property name="java.runtime.version" value="1.6.0_20-b20"/>
    <property name="java.awt.graphicsenv" value="sun.awt.X11GraphicsEnvironment"/>
    <property name="basedir" value="/home/srikanth/eclipse/yamx/yamxagent"/>
    <property name="java.endorsed.dirs" value="/usr/lib/jvm/java-6-openjdk/jre/lib/endorsed"/>
    <property name="os.arch" value="amd64"/>
    <property name="surefire.real.class.path" value="/home/srikanth/eclipse/yamx/yamxagent/target/surefire/surefirebooter1102223302612982421.jar"/>
    <property name="java.io.tmpdir" value="/tmp"/>
    <property name="line.separator" value="
"/>
    <property name="java.vm.specification.vendor" value="Sun Microsystems Inc."/>
    <property name="os.name" value="Linux"/>
    <property name="sun.jnu.encoding" value="UTF-8"/>
    <property name="java.library.path" value="/usr/lib/jvm/java-6-openjdk/jre/lib/amd64/server:/usr/lib/jvm/java-6-openjdk/jre/lib/amd64:/usr/lib/jvm/java-6-openjdk/jre/../lib/amd64:/usr/java/packages/lib/amd64:/usr/lib/jni:/lib:/usr/lib"/>
    <property name="surefire.test.class.path" value="/home/srikanth/eclipse/yamx/yamxagent/target/test-classes:/home/srikanth/eclipse/yamx/yamxagent/target/classes:/home/srikanth/.m2/repository/junit/junit/3.8.1/junit-3.8.1.jar:/home/srikanth/.m2/repository/org/eclipse/jetty/jetty-server/7.2.0.v20101020/jetty-server-7.2.0.v20101020.jar:/home/srikanth/.m2/repository/javax/servlet/servlet-api/2.5/servlet-api-2.5.jar:/home/srikanth/.m2/repository/org/eclipse/jetty/jetty-continuation/7.2.0.v20101020/jetty-continuation-7.2.0.v20101020.jar:/home/srikanth/.m2/repository/org/eclipse/jetty/jetty-http/7.2.0.v20101020/jetty-http-7.2.0.v20101020.jar:/home/srikanth/.m2/repository/org/eclipse/jetty/jetty-io/7.2.0.v20101020/jetty-io-7.2.0.v20101020.jar:/home/srikanth/.m2/repository/org/eclipse/jetty/jetty-util/7.2.0.v20101020/jetty-util-7.2.0.v20101020.jar:/home/srikanth/.m2/repository/org/yaml/snakeyaml/1.9/snakeyaml-1.9.jar:"/>
    <property name="java.specification.name" value="Java Platform API Specification"/>
    <property name="java.class.version" value="50.0"/>
    <property name="sun.management.compiler" value="HotSpot 64-Bit Server Compiler"/>
    <property name="os.version" value="2.6.32-24-generic"/>
    <property name="user.home" value="/home/srikanth"/>
    <property name="user.timezone" value=""/>
    <property name="java.awt.printerjob" value="sun.print.PSPrinterJob"/>
    <property name="file.encoding" value="UTF-8"/>
    <property name="java.specification.version" value="1.6"/>
    <property name="user.name" value="srikanth"/>
    <property name="java.class.path" value="/home/srikanth/eclipse/yamx/yamxagent/target/test-classes:/home/srikanth/eclipse/yamx/yamxagent/target/classes:/home/srikanth/.m2/repository/junit/junit/3.8.1/junit-3.8.1.jar:/home/srikanth/.m2/repository/org/eclipse/jetty/jetty-server/7.2.0.v20101020/jetty-server-7.2.0.v20101020.jar:/home/srikanth/.m2/repository/javax/servlet/servlet-api/2.5/servlet-api-2.5.jar:/home/srikanth/.m2/repository/org/eclipse/jetty/jetty-continuation/7.2.0.v20101020/jetty-continuation-7.2.0.v20101020.jar:/home/srikanth/.m2/repository/org/eclipse/jetty/jetty-http/7.2.0.v20101020/jetty-http-7.2.0.v20101020.jar:/home/srikanth/.m2/repository/org/eclipse/jetty/jetty-io/7.2.0.v20101020/jetty-io-7.2.0.v20101020.jar:/home/srikanth/.m2/repository/org/eclipse/jetty/jetty-util/7.2.0.v20101020/jetty-util-7.2.0.v20101020.jar:/home/srikanth/.m2/repository/org/yaml/snakeyaml/1.9/snakeyaml-1.9.jar:"/>
    <property name="java.vm.specification.version" value="1.0"/>
    <property name="sun.arch.data.model" value="64"/>
    <property name="java.home" value="/usr/lib/jvm/java-6-openjdk/jre"/>
    <property name="java.specification.vendor" value="Sun Microsystems Inc."/>
    <property name="user.language" value="en"/>
    <property name="java.vm.info" value="mixed mode"/>
    <property name="java.version" value="1.6.0_20"/>
    <property name="java.ext.dirs" value="/usr/lib/jvm/java-6-openjdk/jre/lib/ext:/usr/java/packages/lib/ext"/>
    <property name="sun.boot.class.path" value="/usr/lib/jvm/java-6-openjdk/jre/lib/resources.jar:/usr/lib/jvm/java-6-openjdk/jre/lib/rt.jar:/usr/lib/jvm/java-6-openjdk/jre/lib/sunrsasign.jar:/usr/lib/jvm/java-6-openjdk/jre/lib/jsse.jar:/usr/lib/jvm/java-6-openjdk/jre/lib/jce.jar:/usr/lib/jvm/java-6-openjdk/jre/lib/charsets.jar:/usr/lib/jvm/java-6-openjdk/jre/lib/netx.jar:/usr/lib/jvm/java-6-openjdk/jre/lib/plugin.jar:/usr/lib/jvm/java-6-openjdk/jre/lib/rhino.jar:/usr/lib/jvm/java-6-openjdk/jre/lib/modules/jdk.boot.jar:/usr/lib/jvm/java-6-openjdk/jre/classes"/>
    <property name="java.vendor" value="Sun Microsystems Inc."/>
    <property name="localRepository" value="/home/srikanth/.m2/repository"/>
    <property name="file.separator" value="/"/>
    <property name="java.vendor.url.bug" value="http://java.sun.com/cgi-bin/bugreport.cgi"/>
    <property name="sun.cpu.endian" value="little"/>
    <property name="sun.io.unicode.encoding" value="UnicodeLittle"/>
    <property name="sun.desktop" value="gnome"/>
    <property name="sun.cpu.isalist" value=""/>
  </properties>
  <testcase time="0.001" classname="com.srikanthps.yamxagent.AppTest" name="testApp"/>
</testsuite>